Analysis & Synthesis report for processadorSimples
Fri Nov 25 17:29:26 2016
Quartus II 64-Bit Version 13.0.1 Build 232 06/12/2013 Service Pack 1.78 SJ Web Edition


---------------------
; Table of Contents ;
---------------------
  1. Legal Notice
  2. Analysis & Synthesis Summary
  3. Analysis & Synthesis Settings
  4. Parallel Compilation
  5. Analysis & Synthesis Source Files Read
  6. Analysis & Synthesis Resource Usage Summary
  7. Analysis & Synthesis Resource Utilization by Entity
  8. Analysis & Synthesis DSP Block Usage Summary
  9. General Register Statistics
 10. Multiplexer Restructuring Statistics (Restructuring Performed)
 11. Parameter Settings for Inferred Entity Instance: ULA:ula|lpm_divide:Div0
 12. Parameter Settings for Inferred Entity Instance: ULA:ula|lpm_mult:Mult0
 13. lpm_mult Parameter Settings by Entity Instance
 14. Port Connectivity Checks: "ram:RAM"
 15. Port Connectivity Checks: "MUX:mux"
 16. Elapsed Time Per Partition
 17. Analysis & Synthesis Messages
 18. Analysis & Synthesis Suppressed Messages



----------------
; Legal Notice ;
----------------
Copyright (C) 1991-2013 Altera Corporation
Your use of Altera Corporation's design tools, logic functions 
and other software and tools, and its AMPP partner logic 
functions, and any output files from any of the foregoing 
(including device programming or simulation files), and any 
associated documentation or information are expressly subject 
to the terms and conditions of the Altera Program License 
Subscription Agreement, Altera MegaCore Function License 
Agreement, or other applicable license agreement, including, 
without limitation, that your use is for the sole purpose of 
programming logic devices manufactured by Altera and sold by 
Altera or its authorized distributors.  Please refer to the 
applicable agreement for further details.



+-----------------------------------------------------------------------------------------+
; Analysis & Synthesis Summary                                                            ;
+------------------------------------+----------------------------------------------------+
; Analysis & Synthesis Status        ; Successful - Fri Nov 25 17:29:26 2016              ;
; Quartus II 64-Bit Version          ; 13.0.1 Build 232 06/12/2013 SP 1.78 SJ Web Edition ;
; Revision Name                      ; processadorSimples                                 ;
; Top-level Entity Name              ; processadorSimples                                 ;
; Family                             ; Cyclone II                                         ;
; Total logic elements               ; 469                                                ;
;     Total combinational functions  ; 349                                                ;
;     Dedicated logic registers      ; 203                                                ;
; Total registers                    ; 203                                                ;
; Total pins                         ; 67                                                 ;
; Total virtual pins                 ; 0                                                  ;
; Total memory bits                  ; 0                                                  ;
; Embedded Multiplier 9-bit elements ; 1                                                  ;
; Total PLLs                         ; 0                                                  ;
+------------------------------------+----------------------------------------------------+


+----------------------------------------------------------------------------------------------------------------------+
; Analysis & Synthesis Settings                                                                                        ;
+----------------------------------------------------------------------------+--------------------+--------------------+
; Option                                                                     ; Setting            ; Default Value      ;
+----------------------------------------------------------------------------+--------------------+--------------------+
; Device                                                                     ; EP2C20F484C7       ;                    ;
; Top-level entity name                                                      ; processadorSimples ; processadorSimples ;
; Family name                                                                ; Cyclone II         ; Cyclone IV GX      ;
; Use smart compilation                                                      ; Off                ; Off                ;
; Enable parallel Assembler and TimeQuest Timing Analyzer during compilation ; On                 ; On                 ;
; Enable compact report table                                                ; Off                ; Off                ;
; Restructure Multiplexers                                                   ; Auto               ; Auto               ;
; Create Debugging Nodes for IP Cores                                        ; Off                ; Off                ;
; Preserve fewer node names                                                  ; On                 ; On                 ;
; Disable OpenCore Plus hardware evaluation                                  ; Off                ; Off                ;
; Verilog Version                                                            ; Verilog_2001       ; Verilog_2001       ;
; VHDL Version                                                               ; VHDL_1993          ; VHDL_1993          ;
; State Machine Processing                                                   ; Auto               ; Auto               ;
; Safe State Machine                                                         ; Off                ; Off                ;
; Extract Verilog State Machines                                             ; On                 ; On                 ;
; Extract VHDL State Machines                                                ; On                 ; On                 ;
; Ignore Verilog initial constructs                                          ; Off                ; Off                ;
; Iteration limit for constant Verilog loops                                 ; 5000               ; 5000               ;
; Iteration limit for non-constant Verilog loops                             ; 250                ; 250                ;
; Add Pass-Through Logic to Inferred RAMs                                    ; On                 ; On                 ;
; Infer RAMs from Raw Logic                                                  ; On                 ; On                 ;
; Parallel Synthesis                                                         ; On                 ; On                 ;
; DSP Block Balancing                                                        ; Auto               ; Auto               ;
; NOT Gate Push-Back                                                         ; On                 ; On                 ;
; Power-Up Don't Care                                                        ; On                 ; On                 ;
; Remove Redundant Logic Cells                                               ; Off                ; Off                ;
; Remove Duplicate Registers                                                 ; On                 ; On                 ;
; Ignore CARRY Buffers                                                       ; Off                ; Off                ;
; Ignore CASCADE Buffers                                                     ; Off                ; Off                ;
; Ignore GLOBAL Buffers                                                      ; Off                ; Off                ;
; Ignore ROW GLOBAL Buffers                                                  ; Off                ; Off                ;
; Ignore LCELL Buffers                                                       ; Off                ; Off                ;
; Ignore SOFT Buffers                                                        ; On                 ; On                 ;
; Limit AHDL Integers to 32 Bits                                             ; Off                ; Off                ;
; Optimization Technique                                                     ; Balanced           ; Balanced           ;
; Carry Chain Length                                                         ; 70                 ; 70                 ;
; Auto Carry Chains                                                          ; On                 ; On                 ;
; Auto Open-Drain Pins                                                       ; On                 ; On                 ;
; Perform WYSIWYG Primitive Resynthesis                                      ; Off                ; Off                ;
; Auto ROM Replacement                                                       ; On                 ; On                 ;
; Auto RAM Replacement                                                       ; On                 ; On                 ;
; Auto Shift Register Replacement                                            ; Auto               ; Auto               ;
; Allow Shift Register Merging across Hierarchies                            ; Auto               ; Auto               ;
; Auto Clock Enable Replacement                                              ; On                 ; On                 ;
; Strict RAM Replacement                                                     ; Off                ; Off                ;
; Allow Synchronous Control Signals                                          ; On                 ; On                 ;
; Force Use of Synchronous Clear Signals                                     ; Off                ; Off                ;
; Auto RAM to Logic Cell Conversion                                          ; Off                ; Off                ;
; Auto Resource Sharing                                                      ; Off                ; Off                ;
; Allow Any RAM Size For Recognition                                         ; Off                ; Off                ;
; Allow Any ROM Size For Recognition                                         ; Off                ; Off                ;
; Allow Any Shift Register Size For Recognition                              ; Off                ; Off                ;
; Use LogicLock Constraints during Resource Balancing                        ; On                 ; On                 ;
; Ignore translate_off and synthesis_off directives                          ; Off                ; Off                ;
; Timing-Driven Synthesis                                                    ; Off                ; Off                ;
; Report Parameter Settings                                                  ; On                 ; On                 ;
; Report Source Assignments                                                  ; On                 ; On                 ;
; Report Connectivity Checks                                                 ; On                 ; On                 ;
; Ignore Maximum Fan-Out Assignments                                         ; Off                ; Off                ;
; Synchronization Register Chain Length                                      ; 2                  ; 2                  ;
; PowerPlay Power Optimization                                               ; Normal compilation ; Normal compilation ;
; HDL message level                                                          ; Level2             ; Level2             ;
; Suppress Register Optimization Related Messages                            ; Off                ; Off                ;
; Number of Removed Registers Reported in Synthesis Report                   ; 5000               ; 5000               ;
; Number of Swept Nodes Reported in Synthesis Report                         ; 5000               ; 5000               ;
; Number of Inverted Registers Reported in Synthesis Report                  ; 100                ; 100                ;
; Clock MUX Protection                                                       ; On                 ; On                 ;
; Auto Gated Clock Conversion                                                ; Off                ; Off                ;
; Block Design Naming                                                        ; Auto               ; Auto               ;
; SDC constraint protection                                                  ; Off                ; Off                ;
; Synthesis Effort                                                           ; Auto               ; Auto               ;
; Shift Register Replacement - Allow Asynchronous Clear Signal               ; On                 ; On                 ;
; Pre-Mapping Resynthesis Optimization                                       ; Off                ; Off                ;
; Analysis & Synthesis Message Level                                         ; Medium             ; Medium             ;
; Disable Register Merging Across Hierarchies                                ; Auto               ; Auto               ;
; Resource Aware Inference For Block RAM                                     ; On                 ; On                 ;
; Synthesis Seed                                                             ; 1                  ; 1                  ;
+----------------------------------------------------------------------------+--------------------+--------------------+


Parallel compilation was disabled, but you have multiple processors available. Enable parallel compilation to reduce compilation time.
+-------------------------------------+
; Parallel Compilation                ;
+----------------------------+--------+
; Processors                 ; Number ;
+----------------------------+--------+
; Number detected on machine ; 8      ;
; Maximum allowed            ; 1      ;
+----------------------------+--------+


+----------------------------------------------------------------------------------------------------------------------------------------------------------------------+
; Analysis & Synthesis Source Files Read                                                                                                                               ;
+----------------------------------+-----------------+------------------------------+------------------------------------------------------------------------+---------+
; File Name with User-Entered Path ; Used in Netlist ; File Type                    ; File Name with Absolute Path                                           ; Library ;
+----------------------------------+-----------------+------------------------------+------------------------------------------------------------------------+---------+
; UnidadeDeControle.v              ; yes             ; User Verilog HDL File        ; /home/fernandak/fernanda/processadorSimples/UnidadeDeControle.v        ;         ;
; processadorSimples.v             ; yes             ; User Verilog HDL File        ; /home/fernandak/fernanda/processadorSimples/processadorSimples.v       ;         ;
; ULA.v                            ; yes             ; User Verilog HDL File        ; /home/fernandak/fernanda/processadorSimples/ULA.v                      ;         ;
; MUX.v                            ; yes             ; User Verilog HDL File        ; /home/fernandak/fernanda/processadorSimples/MUX.v                      ;         ;
; ram.v                            ; yes             ; Auto-Found Verilog HDL File  ; /home/fernandak/fernanda/processadorSimples/ram.v                      ;         ;
; lpm_divide.tdf                   ; yes             ; Megafunction                 ; /opt/altera13.0sp1/quartus/libraries/megafunctions/lpm_divide.tdf      ;         ;
; abs_divider.inc                  ; yes             ; Megafunction                 ; /opt/altera13.0sp1/quartus/libraries/megafunctions/abs_divider.inc     ;         ;
; sign_div_unsign.inc              ; yes             ; Megafunction                 ; /opt/altera13.0sp1/quartus/libraries/megafunctions/sign_div_unsign.inc ;         ;
; aglobal130.inc                   ; yes             ; Megafunction                 ; /opt/altera13.0sp1/quartus/libraries/megafunctions/aglobal130.inc      ;         ;
; db/lpm_divide_5dm.tdf            ; yes             ; Auto-Generated Megafunction  ; /home/fernandak/fernanda/processadorSimples/db/lpm_divide_5dm.tdf      ;         ;
; db/sign_div_unsign_fkh.tdf       ; yes             ; Auto-Generated Megafunction  ; /home/fernandak/fernanda/processadorSimples/db/sign_div_unsign_fkh.tdf ;         ;
; db/alt_u_div_00f.tdf             ; yes             ; Auto-Generated Megafunction  ; /home/fernandak/fernanda/processadorSimples/db/alt_u_div_00f.tdf       ;         ;
; db/add_sub_lkc.tdf               ; yes             ; Auto-Generated Megafunction  ; /home/fernandak/fernanda/processadorSimples/db/add_sub_lkc.tdf         ;         ;
; db/add_sub_mkc.tdf               ; yes             ; Auto-Generated Megafunction  ; /home/fernandak/fernanda/processadorSimples/db/add_sub_mkc.tdf         ;         ;
; lpm_mult.tdf                     ; yes             ; Megafunction                 ; /opt/altera13.0sp1/quartus/libraries/megafunctions/lpm_mult.tdf        ;         ;
; lpm_add_sub.inc                  ; yes             ; Megafunction                 ; /opt/altera13.0sp1/quartus/libraries/megafunctions/lpm_add_sub.inc     ;         ;
; multcore.inc                     ; yes             ; Megafunction                 ; /opt/altera13.0sp1/quartus/libraries/megafunctions/multcore.inc        ;         ;
; bypassff.inc                     ; yes             ; Megafunction                 ; /opt/altera13.0sp1/quartus/libraries/megafunctions/bypassff.inc        ;         ;
; altshift.inc                     ; yes             ; Megafunction                 ; /opt/altera13.0sp1/quartus/libraries/megafunctions/altshift.inc        ;         ;
; db/mult_o5t.tdf                  ; yes             ; Auto-Generated Megafunction  ; /home/fernandak/fernanda/processadorSimples/db/mult_o5t.tdf            ;         ;
+----------------------------------+-----------------+------------------------------+------------------------------------------------------------------------+---------+


+------------------------------------------------------+
; Analysis & Synthesis Resource Usage Summary          ;
+---------------------------------------------+--------+
; Resource                                    ; Usage  ;
+---------------------------------------------+--------+
; Estimated Total logic elements              ; 469    ;
;                                             ;        ;
; Total combinational functions               ; 349    ;
; Logic element usage by number of LUT inputs ;        ;
;     -- 4 input functions                    ; 199    ;
;     -- 3 input functions                    ; 116    ;
;     -- <=2 input functions                  ; 34     ;
;                                             ;        ;
; Logic elements by mode                      ;        ;
;     -- normal mode                          ; 308    ;
;     -- arithmetic mode                      ; 41     ;
;                                             ;        ;
; Total registers                             ; 203    ;
;     -- Dedicated logic registers            ; 203    ;
;     -- I/O registers                        ; 0      ;
;                                             ;        ;
; I/O pins                                    ; 67     ;
; Embedded Multiplier 9-bit elements          ; 1      ;
; Maximum fan-out node                        ; KEY[0] ;
; Maximum fan-out                             ; 176    ;
; Total fan-out                               ; 1806   ;
; Average fan-out                             ; 2.91   ;
+---------------------------------------------+--------+


+----------------------------------------------------------------------------------------------------------------------------------------------------------------------------------------------------------------------------------------------------------------------------------------------------+
; Analysis & Synthesis Resource Utilization by Entity                                                                                                                                                                                                                                                ;
+-------------------------------------------+-------------------+--------------+-------------+--------------+---------+-----------+------+--------------+-----------------------------------------------------------------------------------------------------------------------------+--------------+
; Compilation Hierarchy Node                ; LC Combinationals ; LC Registers ; Memory Bits ; DSP Elements ; DSP 9x9 ; DSP 18x18 ; Pins ; Virtual Pins ; Full Hierarchy Name                                                                                                         ; Library Name ;
+-------------------------------------------+-------------------+--------------+-------------+--------------+---------+-----------+------+--------------+-----------------------------------------------------------------------------------------------------------------------------+--------------+
; |processadorSimples                       ; 349 (1)           ; 203 (0)      ; 0           ; 1            ; 1       ; 0         ; 67   ; 0            ; |processadorSimples                                                                                                         ; work         ;
;    |MUX:mux|                              ; 51 (51)           ; 32 (32)      ; 0           ; 0            ; 0       ; 0         ; 0    ; 0            ; |processadorSimples|MUX:mux                                                                                                 ; work         ;
;    |ULA:ula|                              ; 149 (70)          ; 8 (8)        ; 0           ; 1            ; 1       ; 0         ; 0    ; 0            ; |processadorSimples|ULA:ula                                                                                                 ; work         ;
;       |lpm_divide:Div0|                   ; 79 (0)            ; 0 (0)        ; 0           ; 0            ; 0       ; 0         ; 0    ; 0            ; |processadorSimples|ULA:ula|lpm_divide:Div0                                                                                 ; work         ;
;          |lpm_divide_5dm:auto_generated|  ; 79 (0)            ; 0 (0)        ; 0           ; 0            ; 0       ; 0         ; 0    ; 0            ; |processadorSimples|ULA:ula|lpm_divide:Div0|lpm_divide_5dm:auto_generated                                                   ; work         ;
;             |sign_div_unsign_fkh:divider| ; 79 (0)            ; 0 (0)        ; 0           ; 0            ; 0       ; 0         ; 0    ; 0            ; |processadorSimples|ULA:ula|lpm_divide:Div0|lpm_divide_5dm:auto_generated|sign_div_unsign_fkh:divider                       ; work         ;
;                |alt_u_div_00f:divider|    ; 79 (79)           ; 0 (0)        ; 0           ; 0            ; 0       ; 0         ; 0    ; 0            ; |processadorSimples|ULA:ula|lpm_divide:Div0|lpm_divide_5dm:auto_generated|sign_div_unsign_fkh:divider|alt_u_div_00f:divider ; work         ;
;       |lpm_mult:Mult0|                    ; 0 (0)             ; 0 (0)        ; 0           ; 1            ; 1       ; 0         ; 0    ; 0            ; |processadorSimples|ULA:ula|lpm_mult:Mult0                                                                                  ; work         ;
;          |mult_o5t:auto_generated|        ; 0 (0)             ; 0 (0)        ; 0           ; 1            ; 1       ; 0         ; 0    ; 0            ; |processadorSimples|ULA:ula|lpm_mult:Mult0|mult_o5t:auto_generated                                                          ; work         ;
;    |UnidadeDeControle:UC|                 ; 4 (4)             ; 27 (27)      ; 0           ; 0            ; 0       ; 0         ; 0    ; 0            ; |processadorSimples|UnidadeDeControle:UC                                                                                    ; work         ;
;    |ram:RAM|                              ; 144 (144)         ; 136 (136)    ; 0           ; 0            ; 0       ; 0         ; 0    ; 0            ; |processadorSimples|ram:RAM                                                                                                 ; work         ;
+-------------------------------------------+-------------------+--------------+-------------+--------------+---------+-----------+------+--------------+-----------------------------------------------------------------------------------------------------------------------------+--------------+
Note: For table entries with two numbers listed, the numbers in parentheses indicate the number of resources of the given type used by the specific entity alone. The numbers listed outside of parentheses indicate the total resources of the given type used by the specific entity and all of its sub-entities in the hierarchy.


+-----------------------------------------------------+
; Analysis & Synthesis DSP Block Usage Summary        ;
+---------------------------------------+-------------+
; Statistic                             ; Number Used ;
+---------------------------------------+-------------+
; Simple Multipliers (9-bit)            ; 1           ;
; Simple Multipliers (18-bit)           ; 0           ;
; Embedded Multiplier Blocks            ; --          ;
; Embedded Multiplier 9-bit elements    ; 1           ;
; Signed Embedded Multipliers           ; 0           ;
; Unsigned Embedded Multipliers         ; 1           ;
; Mixed Sign Embedded Multipliers       ; 0           ;
; Variable Sign Embedded Multipliers    ; 0           ;
; Dedicated Input Shift Register Chains ; 0           ;
+---------------------------------------+-------------+
Note: number of Embedded Multiplier Blocks used is only available after a successful fit.


+------------------------------------------------------+
; General Register Statistics                          ;
+----------------------------------------------+-------+
; Statistic                                    ; Value ;
+----------------------------------------------+-------+
; Total registers                              ; 203   ;
; Number of registers using Synchronous Clear  ; 0     ;
; Number of registers using Synchronous Load   ; 0     ;
; Number of registers using Asynchronous Clear ; 0     ;
; Number of registers using Asynchronous Load  ; 0     ;
; Number of registers using Clock Enable       ; 168   ;
; Number of registers using Preset             ; 0     ;
+----------------------------------------------+-------+


+--------------------------------------------------------------------------------------------------------------------------------------------------------+
; Multiplexer Restructuring Statistics (Restructuring Performed)                                                                                         ;
+--------------------+-----------+---------------+----------------------+------------------------+------------+------------------------------------------+
; Multiplexer Inputs ; Bus Width ; Baseline Area ; Area if Restructured ; Saving if Restructured ; Registered ; Example Multiplexer Output               ;
+--------------------+-----------+---------------+----------------------+------------------------+------------+------------------------------------------+
; 4:1                ; 8 bits    ; 16 LEs        ; 16 LEs               ; 0 LEs                  ; Yes        ; |processadorSimples|MUX:mux|choiceOut[0] ;
; 3:1                ; 8 bits    ; 16 LEs        ; 8 LEs                ; 8 LEs                  ; Yes        ; |processadorSimples|ram:RAM|mem[3][4]    ;
; 3:1                ; 8 bits    ; 16 LEs        ; 8 LEs                ; 8 LEs                  ; Yes        ; |processadorSimples|ram:RAM|mem[2][4]    ;
; 3:1                ; 8 bits    ; 16 LEs        ; 8 LEs                ; 8 LEs                  ; Yes        ; |processadorSimples|ram:RAM|mem[1][3]    ;
; 3:1                ; 8 bits    ; 16 LEs        ; 8 LEs                ; 8 LEs                  ; Yes        ; |processadorSimples|ram:RAM|mem[0][6]    ;
; 16:1               ; 8 bits    ; 80 LEs        ; 80 LEs               ; 0 LEs                  ; Yes        ; |processadorSimples|ram:RAM|dataOut[6]   ;
; 14:1               ; 8 bits    ; 72 LEs        ; 56 LEs               ; 16 LEs                 ; Yes        ; |processadorSimples|ULA:ula|saidaULA[1]  ;
; 3:1                ; 8 bits    ; 16 LEs        ; 8 LEs                ; 8 LEs                  ; No         ; |processadorSimples|MUX:mux|out2         ;
; 3:1                ; 8 bits    ; 16 LEs        ; 8 LEs                ; 8 LEs                  ; No         ; |processadorSimples|MUX:mux|out1         ;
; 4:1                ; 8 bits    ; 16 LEs        ; 16 LEs               ; 0 LEs                  ; No         ; |processadorSimples|MUX:mux|out0         ;
+--------------------+-----------+---------------+----------------------+------------------------+------------+------------------------------------------+


+--------------------------------------------------------------------------+
; Parameter Settings for Inferred Entity Instance: ULA:ula|lpm_divide:Div0 ;
+------------------------+----------------+--------------------------------+
; Parameter Name         ; Value          ; Type                           ;
+------------------------+----------------+--------------------------------+
; LPM_WIDTHN             ; 8              ; Untyped                        ;
; LPM_WIDTHD             ; 8              ; Untyped                        ;
; LPM_NREPRESENTATION    ; UNSIGNED       ; Untyped                        ;
; LPM_DREPRESENTATION    ; UNSIGNED       ; Untyped                        ;
; LPM_PIPELINE           ; 0              ; Untyped                        ;
; LPM_REMAINDERPOSITIVE  ; TRUE           ; Untyped                        ;
; MAXIMIZE_SPEED         ; 5              ; Untyped                        ;
; CBXI_PARAMETER         ; lpm_divide_5dm ; Untyped                        ;
; CARRY_CHAIN            ; MANUAL         ; Untyped                        ;
; OPTIMIZE_FOR_SPEED     ; 5              ; Untyped                        ;
; AUTO_CARRY_CHAINS      ; ON             ; AUTO_CARRY                     ;
; IGNORE_CARRY_BUFFERS   ; OFF            ; IGNORE_CARRY                   ;
; AUTO_CASCADE_CHAINS    ; ON             ; AUTO_CASCADE                   ;
; IGNORE_CASCADE_BUFFERS ; OFF            ; IGNORE_CASCADE                 ;
+------------------------+----------------+--------------------------------+
Note: In order to hide this table in the UI and the text report file, please set the "Show Parameter Settings in Synthesis Report" option in "Analysis and Synthesis Settings -> More Settings" to "Off".


+-----------------------------------------------------------------------------------+
; Parameter Settings for Inferred Entity Instance: ULA:ula|lpm_mult:Mult0           ;
+------------------------------------------------+------------+---------------------+
; Parameter Name                                 ; Value      ; Type                ;
+------------------------------------------------+------------+---------------------+
; AUTO_CARRY_CHAINS                              ; ON         ; AUTO_CARRY          ;
; IGNORE_CARRY_BUFFERS                           ; OFF        ; IGNORE_CARRY        ;
; AUTO_CASCADE_CHAINS                            ; ON         ; AUTO_CASCADE        ;
; IGNORE_CASCADE_BUFFERS                         ; OFF        ; IGNORE_CASCADE      ;
; LPM_WIDTHA                                     ; 8          ; Untyped             ;
; LPM_WIDTHB                                     ; 8          ; Untyped             ;
; LPM_WIDTHP                                     ; 16         ; Untyped             ;
; LPM_WIDTHR                                     ; 16         ; Untyped             ;
; LPM_WIDTHS                                     ; 1          ; Untyped             ;
; LPM_REPRESENTATION                             ; UNSIGNED   ; Untyped             ;
; LPM_PIPELINE                                   ; 0          ; Untyped             ;
; LATENCY                                        ; 0          ; Untyped             ;
; INPUT_A_IS_CONSTANT                            ; NO         ; Untyped             ;
; INPUT_B_IS_CONSTANT                            ; NO         ; Untyped             ;
; USE_EAB                                        ; OFF        ; Untyped             ;
; MAXIMIZE_SPEED                                 ; 5          ; Untyped             ;
; DEVICE_FAMILY                                  ; Cyclone II ; Untyped             ;
; CARRY_CHAIN                                    ; MANUAL     ; Untyped             ;
; APEX20K_TECHNOLOGY_MAPPER                      ; LUT        ; TECH_MAPPER_APEX20K ;
; DEDICATED_MULTIPLIER_CIRCUITRY                 ; AUTO       ; Untyped             ;
; DEDICATED_MULTIPLIER_MIN_INPUT_WIDTH_FOR_AUTO  ; 0          ; Untyped             ;
; DEDICATED_MULTIPLIER_MIN_OUTPUT_WIDTH_FOR_AUTO ; 0          ; Untyped             ;
; CBXI_PARAMETER                                 ; mult_o5t   ; Untyped             ;
; INPUT_A_FIXED_VALUE                            ; Bx         ; Untyped             ;
; INPUT_B_FIXED_VALUE                            ; Bx         ; Untyped             ;
; USE_AHDL_IMPLEMENTATION                        ; OFF        ; Untyped             ;
+------------------------------------------------+------------+---------------------+
Note: In order to hide this table in the UI and the text report file, please set the "Show Parameter Settings in Synthesis Report" option in "Analysis and Synthesis Settings -> More Settings" to "Off".


+----------------------------------------------------------------+
; lpm_mult Parameter Settings by Entity Instance                 ;
+---------------------------------------+------------------------+
; Name                                  ; Value                  ;
+---------------------------------------+------------------------+
; Number of entity instances            ; 1                      ;
; Entity Instance                       ; ULA:ula|lpm_mult:Mult0 ;
;     -- LPM_WIDTHA                     ; 8                      ;
;     -- LPM_WIDTHB                     ; 8                      ;
;     -- LPM_WIDTHP                     ; 16                     ;
;     -- LPM_REPRESENTATION             ; UNSIGNED               ;
;     -- INPUT_A_IS_CONSTANT            ; NO                     ;
;     -- INPUT_B_IS_CONSTANT            ; NO                     ;
;     -- USE_EAB                        ; OFF                    ;
;     -- DEDICATED_MULTIPLIER_CIRCUITRY ; AUTO                   ;
;     -- INPUT_A_FIXED_VALUE            ; Bx                     ;
;     -- INPUT_B_FIXED_VALUE            ; Bx                     ;
+---------------------------------------+------------------------+


+-------------------------------------------------------------------------------------------------------------------------------------+
; Port Connectivity Checks: "ram:RAM"                                                                                                 ;
+------+--------+----------+----------------------------------------------------------------------------------------------------------+
; Port ; Type   ; Severity ; Details                                                                                                  ;
+------+--------+----------+----------------------------------------------------------------------------------------------------------+
; led  ; Output ; Warning  ; Declared by entity but not connected by instance. Logic that only feeds a dangling port will be removed. ;
+------+--------+----------+----------------------------------------------------------------------------------------------------------+


+--------------------------------------------------------------------------------------------------------------------------------------------------------------+
; Port Connectivity Checks: "MUX:mux"                                                                                                                          ;
+-----------+--------+----------+------------------------------------------------------------------------------------------------------------------------------+
; Port      ; Type   ; Severity ; Details                                                                                                                      ;
+-----------+--------+----------+------------------------------------------------------------------------------------------------------------------------------+
; ledOutput ; Output ; Warning  ; Output or bidir port (8 bits) is wider than the port expression (1 bits) it drives; bit(s) "ledOutput[7..1]" have no fanouts ;
; ledOutput ; Output ; Info     ; Connected to dangling logic. Logic that only feeds a dangling port will be removed.                                          ;
+-----------+--------+----------+------------------------------------------------------------------------------------------------------------------------------+


+-------------------------------+
; Elapsed Time Per Partition    ;
+----------------+--------------+
; Partition Name ; Elapsed Time ;
+----------------+--------------+
; Top            ; 00:00:01     ;
+----------------+--------------+


+-------------------------------+
; Analysis & Synthesis Messages ;
+-------------------------------+
Info: *******************************************************************
Info: Running Quartus II 64-Bit Analysis & Synthesis
    Info: Version 13.0.1 Build 232 06/12/2013 Service Pack 1.78 SJ Web Edition
    Info: Processing started: Fri Nov 25 17:29:25 2016
Info: Command: quartus_map --read_settings_files=on --write_settings_files=off processadorSimples -c processadorSimples
Warning (20028): Parallel compilation is not licensed and has been disabled
Info (12021): Found 1 design units, including 1 entities, in source file UnidadeDeControle.v
    Info (12023): Found entity 1: UnidadeDeControle
Info (12021): Found 1 design units, including 1 entities, in source file processadorSimples.v
    Info (12023): Found entity 1: processadorSimples
Info (12021): Found 1 design units, including 1 entities, in source file ULA.v
    Info (12023): Found entity 1: ULA
Warning (12090): Entity "MUX" obtained from "MUX.v" instead of from Quartus II megafunction library
Info (12021): Found 1 design units, including 1 entities, in source file MUX.v
    Info (12023): Found entity 1: MUX
Info (12021): Found 1 design units, including 1 entities, in source file /home/fernandak/fernanda/TOP_DE1.v
    Info (12023): Found entity 1: DE1_TOP
Warning (12019): Can't analyze file -- file DE1_TOP.v is missing
Warning (10236): Verilog HDL Implicit Net warning at processadorSimples.v(28): created implicit net for "ledOutput"
Info (12127): Elaborating entity "processadorSimples" for the top level hierarchy
Warning (10034): Output port "LEDG[9..8]" at processadorSimples.v(8) has no driver
Warning (10034): Output port "HEX0" at processadorSimples.v(7) has no driver
Warning (10034): Output port "HEX1" at processadorSimples.v(7) has no driver
Warning (10034): Output port "HEX2" at processadorSimples.v(7) has no driver
Warning (10034): Output port "HEX3" at processadorSimples.v(7) has no driver
Info (12128): Elaborating entity "ULA" for hierarchy "ULA:ula"
Info (12128): Elaborating entity "MUX" for hierarchy "MUX:mux"
Warning (10034): Output port "led" at MUX.v(12) has no driver
Info (12128): Elaborating entity "UnidadeDeControle" for hierarchy "UnidadeDeControle:UC"
Warning (12125): Using design file ram.v, which is not specified as a design file for the current project, but contains definitions for 1 design units and 1 entities in project
    Info (12023): Found entity 1: ram
Info (12128): Elaborating entity "ram" for hierarchy "ram:RAM"
Warning (10034): Output port "led" at ram.v(8) has no driver
Info (278001): Inferred 2 megafunctions from design logic
    Info (278004): Inferred divider/modulo megafunction ("lpm_divide") from the following logic: "ULA:ula|Div0"
    Info (278003): Inferred multiplier megafunction ("lpm_mult") from the following logic: "ULA:ula|Mult0"
Info (12130): Elaborated megafunction instantiation "ULA:ula|lpm_divide:Div0"
Info (12133): Instantiated megafunction "ULA:ula|lpm_divide:Div0" with the following parameter:
    Info (12134): Parameter "LPM_WIDTHN" = "8"
    Info (12134): Parameter "LPM_WIDTHD" = "8"
    Info (12134): Parameter "LPM_NREPRESENTATION" = "UNSIGNED"
    Info (12134): Parameter "LPM_DREPRESENTATION" = "UNSIGNED"
Info (12021): Found 1 design units, including 1 entities, in source file db/lpm_divide_5dm.tdf
    Info (12023): Found entity 1: lpm_divide_5dm
Info (12021): Found 1 design units, including 1 entities, in source file db/sign_div_unsign_fkh.tdf
    Info (12023): Found entity 1: sign_div_unsign_fkh
Info (12021): Found 1 design units, including 1 entities, in source file db/alt_u_div_00f.tdf
    Info (12023): Found entity 1: alt_u_div_00f
Info (12021): Found 1 design units, including 1 entities, in source file db/add_sub_lkc.tdf
    Info (12023): Found entity 1: add_sub_lkc
Info (12021): Found 1 design units, including 1 entities, in source file db/add_sub_mkc.tdf
    Info (12023): Found entity 1: add_sub_mkc
Info (12130): Elaborated megafunction instantiation "ULA:ula|lpm_mult:Mult0"
Info (12133): Instantiated megafunction "ULA:ula|lpm_mult:Mult0" with the following parameter:
    Info (12134): Parameter "LPM_WIDTHA" = "8"
    Info (12134): Parameter "LPM_WIDTHB" = "8"
    Info (12134): Parameter "LPM_WIDTHP" = "16"
    Info (12134): Parameter "LPM_WIDTHR" = "16"
    Info (12134): Parameter "LPM_WIDTHS" = "1"
    Info (12134): Parameter "LPM_REPRESENTATION" = "UNSIGNED"
    Info (12134): Parameter "INPUT_A_IS_CONSTANT" = "NO"
    Info (12134): Parameter "INPUT_B_IS_CONSTANT" = "NO"
    Info (12134): Parameter "MAXIMIZE_SPEED" = "5"
Info (12021): Found 1 design units, including 1 entities, in source file db/mult_o5t.tdf
    Info (12023): Found entity 1: mult_o5t
Warning (12241): 2 hierarchies have connectivity warnings - see the Connectivity Checks report folder
Warning (13024): Output pins are stuck at VCC or GND
    Warning (13410): Pin "LEDG[8]" is stuck at GND
    Warning (13410): Pin "LEDG[9]" is stuck at GND
    Warning (13410): Pin "LEDR[8]" is stuck at GND
    Warning (13410): Pin "LEDR[9]" is stuck at GND
    Warning (13410): Pin "HEX0[0]" is stuck at GND
    Warning (13410): Pin "HEX0[1]" is stuck at GND
    Warning (13410): Pin "HEX0[2]" is stuck at GND
    Warning (13410): Pin "HEX0[3]" is stuck at GND
    Warning (13410): Pin "HEX0[4]" is stuck at GND
    Warning (13410): Pin "HEX0[5]" is stuck at GND
    Warning (13410): Pin "HEX0[6]" is stuck at GND
    Warning (13410): Pin "HEX0[7]" is stuck at GND
    Warning (13410): Pin "HEX1[0]" is stuck at GND
    Warning (13410): Pin "HEX1[1]" is stuck at GND
    Warning (13410): Pin "HEX1[2]" is stuck at GND
    Warning (13410): Pin "HEX1[3]" is stuck at GND
    Warning (13410): Pin "HEX1[4]" is stuck at GND
    Warning (13410): Pin "HEX1[5]" is stuck at GND
    Warning (13410): Pin "HEX1[6]" is stuck at GND
    Warning (13410): Pin "HEX1[7]" is stuck at GND
    Warning (13410): Pin "HEX2[0]" is stuck at GND
    Warning (13410): Pin "HEX2[1]" is stuck at GND
    Warning (13410): Pin "HEX2[2]" is stuck at GND
    Warning (13410): Pin "HEX2[3]" is stuck at GND
    Warning (13410): Pin "HEX2[4]" is stuck at GND
    Warning (13410): Pin "HEX2[5]" is stuck at GND
    Warning (13410): Pin "HEX2[6]" is stuck at GND
    Warning (13410): Pin "HEX2[7]" is stuck at GND
    Warning (13410): Pin "HEX3[0]" is stuck at GND
    Warning (13410): Pin "HEX3[1]" is stuck at GND
    Warning (13410): Pin "HEX3[2]" is stuck at GND
    Warning (13410): Pin "HEX3[3]" is stuck at GND
    Warning (13410): Pin "HEX3[4]" is stuck at GND
    Warning (13410): Pin "HEX3[5]" is stuck at GND
    Warning (13410): Pin "HEX3[6]" is stuck at GND
    Warning (13410): Pin "HEX3[7]" is stuck at GND
Info (144001): Generated suppressed messages file /home/fernandak/fernanda/processadorSimples/output_files/processadorSimples.map.smsg
Info (16010): Generating hard_block partition "hard_block:auto_generated_inst"
    Info (16011): Adding 0 node(s), including 0 DDIO, 0 PLL, 0 transceiver and 0 LCELL
Warning (21074): Design contains 1 input pin(s) that do not drive logic
    Warning (15610): No output dependent on input pin "CLOCK_50"
Info (21057): Implemented 563 device resources after synthesis - the final resource count might be different
    Info (21058): Implemented 15 input pins
    Info (21059): Implemented 52 output pins
    Info (21061): Implemented 495 logic cells
    Info (21062): Implemented 1 DSP elements
Info: Quartus II 64-Bit Analysis & Synthesis was successful. 0 errors, 52 warnings
    Info: Peak virtual memory: 739 megabytes
    Info: Processing ended: Fri Nov 25 17:29:26 2016
    Info: Elapsed time: 00:00:01
    Info: Total CPU time (on all processors): 00:00:02


+------------------------------------------+
; Analysis & Synthesis Suppressed Messages ;
+------------------------------------------+
The suppressed messages can be found in /home/fernandak/fernanda/processadorSimples/output_files/processadorSimples.map.smsg.


